<?xml version="1.0" encoding="UTF-8"?>
<!-- Generated by org.testng.reporters.JUnitXMLReporter -->
<testsuite ignored="0" hostname="VishwaNarayanan" failures="0" tests="3" name="Default test" time="8.027" errors="0" timestamp="2026-05-03T03:17:36 IST">
  <testcase classname="tests.LoginTest" name="verifyLogin" time="0.343"/>
  <testcase classname="tests.LoginTest" name="verifyLoginPageLoads" time="0.009"/>
  <testcase classname="tests.LaunchTest" name="openApplication" time="0.001"/>
</testsuite> <!-- Default test -->
