<?xml version="1.0" encoding="UTF-8"?>
<!-- Generated by org.testng.reporters.JUnitXMLReporter -->
<testsuite ignored="0" hostname="VishwaNarayanan" failures="1" tests="4" name="Smoke Tests" time="13.377" errors="0" timestamp="2026-05-13T14:32:54 IST">
  <testcase classname="tests.LoginTest" name="verifyLogin" time="0.344"/>
  <testcase classname="tests.LoginTest" name="verifyLogin" time="0.292">
    <failure type="org.openqa.selenium.NoSuchElementException" message="no such element: Unable to locate element: {&amp;quot;method&amp;quot;:&amp;quot;css selector&amp;quot;,&amp;quot;selector&amp;quot;:&amp;quot;.title&amp;quot;}
  (Session info: chrome=148.0.7778.97)
For documentation on this error, please visit: https://www.selenium.dev/documentation/webdriver/troubleshooting/errors#nosuchelementexception
Build info: version: &amp;apos;4.39.0&amp;apos;, revision: &amp;apos;126f156aee&amp;apos;
System info: os.name: &amp;apos;Windows 11&amp;apos;, os.arch: &amp;apos;amd64&amp;apos;, os.version: &amp;apos;10.0&amp;apos;, java.version: &amp;apos;25.0.1&amp;apos;
Driver info: org.openqa.selenium.chrome.ChromeDriver
Command: [065d13b946a40f452a718e7185c6c8a9, findElement {using=class name, value=title}]
Capabilities {acceptInsecureCerts: false, browserName: chrome, browserVersion: 148.0.7778.97, chrome: {chromedriverVersion: 148.0.7778.97 (6b3fa66a923a..., userDataDir: C:\Users\Vishw\AppData\Loca...}, fedcm:accounts: true, goog:chromeOptions: {debuggerAddress: localhost:60437}, goog:processID: 4392, networkConnectionEnabled: false, pageLoadStrategy: normal, platformName: windows, proxy: Proxy(), se:cdp: ws://localhost:60437/devtoo..., se:cdpVersion: 148.0.7778.97, setWindowRect: true, strictFileInteractability: false, timeouts: {implicit: 0, pageLoad: 300000, script: 30000}, unhandledPromptBehavior: dismiss and notify, webauthn:extension:credBlob: true, webauthn:extension:largeBlob: true, webauthn:extension:minPinLength: true, webauthn:extension:prf: true, webauthn:virtualAuthenticators: true}
Session ID: 065d13b946a40f452a718e7185c6c8a9">
      <![CDATA[org.openqa.selenium.NoSuchElementException: no such element: Unable to locate element: {"method":"css selector","selector":".title"}
  (Session info: chrome=148.0.7778.97)
For documentation on this error, please visit: https://www.selenium.dev/documentation/webdriver/troubleshooting/errors#nosuchelementexception
Build info: version: '4.39.0', revision: '126f156aee'
System info: os.name: 'Windows 11', os.arch: 'amd64', os.version: '10.0', java.version: '25.0.1'
Driver info: org.openqa.selenium.chrome.ChromeDriver
Command: [065d13b946a40f452a718e7185c6c8a9, findElement {using=class name, value=title}]
Capabilities {acceptInsecureCerts: false, browserName: chrome, browserVersion: 148.0.7778.97, chrome: {chromedriverVersion: 148.0.7778.97 (6b3fa66a923a..., userDataDir: C:\Users\Vishw\AppData\Loca...}, fedcm:accounts: true, goog:chromeOptions: {debuggerAddress: localhost:60437}, goog:processID: 4392, networkConnectionEnabled: false, pageLoadStrategy: normal, platformName: windows, proxy: Proxy(), se:cdp: ws://localhost:60437/devtoo..., se:cdpVersion: 148.0.7778.97, setWindowRect: true, strictFileInteractability: false, timeouts: {implicit: 0, pageLoad: 300000, script: 30000}, unhandledPromptBehavior: dismiss and notify, webauthn:extension:credBlob: true, webauthn:extension:largeBlob: true, webauthn:extension:minPinLength: true, webauthn:extension:prf: true, webauthn:virtualAuthenticators: true}
Session ID: 065d13b946a40f452a718e7185c6c8a9
at org.openqa.selenium.remote.ErrorCodec.decode(ErrorCodec.java:167)
at org.openqa.selenium.remote.codec.w3c.W3CHttpResponseCodec.decode(W3CHttpResponseCodec.java:142)
at org.openqa.selenium.remote.codec.w3c.W3CHttpResponseCodec.decode(W3CHttpResponseCodec.java:49)
at org.openqa.selenium.remote.HttpCommandExecutor.execute(HttpCommandExecutor.java:215)
at org.openqa.selenium.remote.service.DriverCommandExecutor.invokeExecute(DriverCommandExecutor.java:216)
at org.openqa.selenium.remote.service.DriverCommandExecutor.execute(DriverCommandExecutor.java:174)
at org.openqa.selenium.remote.RemoteWebDriver.execute(RemoteWebDriver.java:561)
at org.openqa.selenium.remote.ElementLocation$ElementFinder$2.findElement(ElementLocation.java:166)
at org.openqa.selenium.remote.ElementLocation.findElement(ElementLocation.java:67)
at org.openqa.selenium.remote.RemoteWebDriver.findElement(RemoteWebDriver.java:384)
at org.openqa.selenium.remote.RemoteWebDriver.findElement(RemoteWebDriver.java:378)
at pages.InventoryPage.IsInventoryPageDisplayed(InventoryPage.java:19)
at tests.LoginTest.verifyLogin(LoginTest.java:30)
at java.base/java.util.ArrayList.forEach(ArrayList.java:1604)
at java.base/java.util.concurrent.FutureTask.run(FutureTask.java:328)
at java.base/java.util.concurrent.ThreadPoolExecutor.runWorker(ThreadPoolExecutor.java:1090)
at java.base/java.util.concurrent.ThreadPoolExecutor$Worker.run(ThreadPoolExecutor.java:614)
at java.base/java.lang.Thread.run(Thread.java:1474)
... Removed 18 stack frames]]>
    </failure>
  </testcase> <!-- verifyLogin -->
  <testcase classname="tests.LoginTest" name="verifyLogin" time="0.328"/>
  <testcase classname="tests.LoginTest" name="verifyLoginPageLoads" time="0.009"/>
</testsuite> <!-- Smoke Tests -->
