<?xml version="1.0" encoding="UTF-8"?>
<!-- Generated by org.testng.reporters.JUnitXMLReporter -->
<testsuite ignored="0" hostname="VishwaNarayanan" failures="0" tests="4" name="Smoke Tests" time="11.924" errors="0" timestamp="2026-05-12T23:06:48 IST">
  <testcase classname="tests.LoginTest" name="verifyLogin" time="0.45"/>
  <testcase classname="tests.LoginTest" name="verifyLogin" time="0.318"/>
  <testcase classname="tests.LoginTest" name="verifyLogin" time="0.335"/>
  <testcase classname="tests.LoginTest" name="verifyLoginPageLoads" time="0.012"/>
</testsuite> <!-- Smoke Tests -->
