<?xml version="1.0" encoding="UTF-8"?>
<testng-results ignored="0" total="4" passed="4" failed="0" skipped="0">
  <reporter-output>
  </reporter-output>
  <suite started-at="2026-05-12T23:06:36 IST" name="SauceDemo Automation Suite" finished-at="2026-05-12T23:06:48 IST" duration-ms="11924">
    <groups>
    </groups>
    <test started-at="2026-05-12T23:06:36 IST" name="Smoke Tests" finished-at="2026-05-12T23:06:48 IST" duration-ms="11924">
      <class name="tests.LoginTest">
        <test-method is-config="true" signature="setup()[pri:0, instance:tests.LoginTest@7a35b0f5]" started-at="2026-05-12T23:06:37 IST" name="setup" finished-at="2026-05-12T23:06:41 IST" duration-ms="4055" status="PASS">
          <reporter-output>
          </reporter-output>
        </test-method> <!-- setup -->
        <test-method signature="verifyLogin(java.lang.String,java.lang.String)[pri:0, instance:tests.LoginTest@7a35b0f5]" started-at="2026-05-12T23:06:41 IST" name="verifyLogin" data-provider="loginData" finished-at="2026-05-12T23:06:41 IST" duration-ms="450" status="PASS">
          <params>
            <param index="0">
              <value>
                <![CDATA[standard_user]]>
              </value>
            </param>
            <param index="1">
              <value>
                <![CDATA[secret_sauce]]>
              </value>
            </param>
          </params>
          <reporter-output>
          </reporter-output>
        </test-method> <!-- verifyLogin -->
        <test-method is-config="true" signature="tearDown()[pri:0, instance:tests.LoginTest@7a35b0f5]" started-at="2026-05-12T23:06:41 IST" name="tearDown" finished-at="2026-05-12T23:06:42 IST" duration-ms="375" status="PASS">
          <reporter-output>
          </reporter-output>
        </test-method> <!-- tearDown -->
        <test-method is-config="true" signature="setup()[pri:0, instance:tests.LoginTest@7a35b0f5]" started-at="2026-05-12T23:06:42 IST" name="setup" finished-at="2026-05-12T23:06:43 IST" duration-ms="1439" status="PASS">
          <reporter-output>
          </reporter-output>
        </test-method> <!-- setup -->
        <test-method signature="verifyLogin(java.lang.String,java.lang.String)[pri:0, instance:tests.LoginTest@7a35b0f5]" started-at="2026-05-12T23:06:43 IST" name="verifyLogin" data-provider="loginData" finished-at="2026-05-12T23:06:44 IST" duration-ms="318" status="PASS">
          <params>
            <param index="0">
              <value>
                <![CDATA[locked_out_user]]>
              </value>
            </param>
            <param index="1">
              <value>
                <![CDATA[secret_sauce]]>
              </value>
            </param>
          </params>
          <reporter-output>
          </reporter-output>
        </test-method> <!-- verifyLogin -->
        <test-method is-config="true" signature="tearDown()[pri:0, instance:tests.LoginTest@7a35b0f5]" started-at="2026-05-12T23:06:44 IST" name="tearDown" finished-at="2026-05-12T23:06:44 IST" duration-ms="336" status="PASS">
          <reporter-output>
          </reporter-output>
        </test-method> <!-- tearDown -->
        <test-method is-config="true" signature="setup()[pri:0, instance:tests.LoginTest@7a35b0f5]" started-at="2026-05-12T23:06:44 IST" name="setup" finished-at="2026-05-12T23:06:45 IST" duration-ms="1431" status="PASS">
          <reporter-output>
          </reporter-output>
        </test-method> <!-- setup -->
        <test-method signature="verifyLogin(java.lang.String,java.lang.String)[pri:0, instance:tests.LoginTest@7a35b0f5]" started-at="2026-05-12T23:06:45 IST" name="verifyLogin" data-provider="loginData" finished-at="2026-05-12T23:06:46 IST" duration-ms="335" status="PASS">
          <params>
            <param index="0">
              <value>
                <![CDATA[problem_user]]>
              </value>
            </param>
            <param index="1">
              <value>
                <![CDATA[secret_sauce]]>
              </value>
            </param>
          </params>
          <reporter-output>
          </reporter-output>
        </test-method> <!-- verifyLogin -->
        <test-method is-config="true" signature="tearDown()[pri:0, instance:tests.LoginTest@7a35b0f5]" started-at="2026-05-12T23:06:46 IST" name="tearDown" finished-at="2026-05-12T23:06:46 IST" duration-ms="348" status="PASS">
          <reporter-output>
          </reporter-output>
        </test-method> <!-- tearDown -->
        <test-method is-config="true" signature="setup()[pri:0, instance:tests.LoginTest@7a35b0f5]" started-at="2026-05-12T23:06:46 IST" name="setup" finished-at="2026-05-12T23:06:47 IST" duration-ms="1420" status="PASS">
          <reporter-output>
          </reporter-output>
        </test-method> <!-- setup -->
        <test-method signature="verifyLoginPageLoads()[pri:0, instance:tests.LoginTest@7a35b0f5]" started-at="2026-05-12T23:06:47 IST" name="verifyLoginPageLoads" finished-at="2026-05-12T23:06:47 IST" duration-ms="12" status="PASS">
          <reporter-output>
          </reporter-output>
        </test-method> <!-- verifyLoginPageLoads -->
        <test-method is-config="true" signature="tearDown()[pri:0, instance:tests.LoginTest@7a35b0f5]" started-at="2026-05-12T23:06:47 IST" name="tearDown" finished-at="2026-05-12T23:06:48 IST" duration-ms="317" status="PASS">
          <reporter-output>
          </reporter-output>
        </test-method> <!-- tearDown -->
      </class> <!-- tests.LoginTest -->
    </test> <!-- Smoke Tests -->
  </suite> <!-- SauceDemo Automation Suite -->
</testng-results>
