<?xml version="1.0" encoding="UTF-8"?>
<!-- Generated by org.testng.reporters.JUnitReportReporter -->
<testsuite hostname="VishwaNarayanan" failures="0" tests="4" name="tests.LoginTest" time="10.836" errors="0" timestamp="2026-05-12T23:06:48 IST" skipped="0">
  <testcase classname="tests.LoginTest" name="verifyLogin" time="2.217"/>
  <testcase classname="tests.LoginTest" name="verifyLoginPageLoads" time="1.749"/>
  <testcase classname="tests.LoginTest" name="verifyLogin" time="2.122"/>
  <testcase classname="tests.LoginTest" name="verifyLogin" time="4.748"/>
</testsuite> <!-- tests.LoginTest -->
